[{"group":"Sigma","kind":"individual","document":{"kind":"evtx","path":"C:\\Lab\\detection-lab\\02-boucle-de-preuve\\preuves\\2026-10-02_203132_02-powershell-enc-v2.evtx","data":{"Event":{"EventData":{"Image":"C:\\Windows\\System32\\rundll32.exe","RuleName":"-","Description":"Windows host process (Rundll32)","OriginalFileName":"RUNDLL32.EXE","TerminalSessionId":1,"ParentCommandLine":"\"powershell.exe\" & {C:\\Windows\\System32\\rundll32.exe C:\\windows\\System32\\comsvcs.dll, MiniDump (Get-Process lsass).id $env:TEMP\\lsass-comsvcs.dmp full}","Product":"Microsoft® Windows® Operating System","Company":"Microsoft Corporation","ParentProcessId":1940,"ParentUser":"DESKTOP-93TE1KB\\win11","LogonGuid":"C05AE55B-CC18-6ABE-831A-020000000000","Hashes":"SHA256=4193F529BFF2729769D82CB83EE206D2AF16C59208D6DC5CD8B54CD9C6703A11,IMPHASH=C8B70D465C35D895C4171BAF042BB63A","ParentProcessGuid":"C05AE55B-D26C-6ABE-5C01-000000000F00","ProcessId":840,"CurrentDirectory":"C:\\Users\\win11\\AppData\\Local\\Temp\\","ProcessGuid":"C05AE55B-D26D-6ABE-6001-000000000F00","CommandLine":"\"C:\\Windows\\System32\\rundll32.exe\" C:\\windows\\System32\\comsvcs.dll MiniDump 772 C:\\Users\\win11\\AppData\\Local\\Temp\\lsass-comsvcs.dmp full","FileVersion":"10.0.26100.7309 (WinBuild.160101.0800)","User":"DESKTOP-93TE1KB\\win11","LogonId":"0x21a83","IntegrityLevel":"High","ParentImage":"C:\\Windows\\System32\\WindowsPowerShell\\v1.0\\powershell.exe","UtcTime":"2026-10-01 21:36:45.791"},"System":{"EventID":1,"Level":4,"Provider_attributes":{"Name":"Microsoft-Windows-Sysmon","Guid":"5770385F-C22A-43E0-BF4C-06F5698FFBD9"},"Version":5,"Task":1,"Opcode":0,"TimeCreated_attributes":{"SystemTime":"2026-10-01T21:36:45.796958Z"},"Execution_attributes":{"ProcessID":3328,"ThreadID":4076},"Correlation":null,"Keywords":"0x8000000000000000","Security_attributes":{"UserID":"S-1-5-18"},"EventRecordID":34223,"Channel":"Microsoft-Windows-Sysmon/Operational","Computer":"DESKTOP-93TE1KB"}},"Event_attributes":{"xmlns":"http://schemas.microsoft.com/win/2004/08/events/event"}}},"name":"Rundll32 exécuté sans DLL ou depuis un répertoire utilisateur","timestamp":"2026-10-01T21:36:45.796958+00:00","authors":["Mamadou Lamine Thiore (Junior)"],"level":"high","source":"sigma","status":"experimental","falsepositives":["Installeurs logiciels qui déposent et chargent une DLL depuis un répertoire temporaire pendant l'installation.","Vérifier le processus parent — un parent Explorer après un téléchargement est un signal bien plus fort qu'un parent msiexec."],"id":"07dcc74e-039e-4727-9043-401ff486c276","logsource":{"category":"process_creation","product":"windows"},"references":["https://attack.mitre.org/techniques/T1218/011/"],"tags":["attack.stealth","attack.t1218.011"]},{"group":"Sigma","kind":"individual","document":{"kind":"evtx","path":"C:\\Lab\\detection-lab\\02-boucle-de-preuve\\preuves\\2026-10-02_203132_02-powershell-enc-v2.evtx","data":{"Event":{"EventData":{"Image":"C:\\Windows\\System32\\WindowsPowerShell\\v1.0\\powershell.exe","RuleName":"-","Description":"Windows PowerShell","OriginalFileName":"PowerShell.EXE","TerminalSessionId":1,"ParentCommandLine":"C:\\WINDOWS\\System32\\WindowsPowerShell\\v1.0\\powershell.exe","Product":"Microsoft® Windows® Operating System","Company":"Microsoft Corporation","ParentProcessId":7324,"ParentUser":"DESKTOP-93TE1KB\\win11","LogonGuid":"C05AE55B-CC18-6ABE-831A-020000000000","Hashes":"SHA256=0FF6F2C94BC7E2833A5F7E16DE1622E5DBA70396F31C7D5F56381870317E8C46,IMPHASH=AFACF6DC9041114B198160AAB4D0AE77","ParentProcessGuid":"C05AE55B-CC8F-6ABE-B000-000000000F00","ProcessId":9016,"CurrentDirectory":"C:\\Users\\win11\\AppData\\Local\\Temp\\","ProcessGuid":"C05AE55B-EF23-6ABF-6304-000000000F00","CommandLine":"\"powershell.exe\" & {Out-ATHPowerShellCommandLineParameter -CommandLineSwitchType Hyphen -EncodedCommandParamVariation E -Execute -ErrorAction Stop}","FileVersion":"10.0.26100.5074 (WinBuild.160101.0800)","User":"DESKTOP-93TE1KB\\win11","LogonId":"0x21a83","IntegrityLevel":"High","ParentImage":"C:\\Windows\\System32\\WindowsPowerShell\\v1.0\\powershell.exe","UtcTime":"2026-10-02 17:51:31.739"},"System":{"EventID":1,"Level":4,"Provider_attributes":{"Name":"Microsoft-Windows-Sysmon","Guid":"5770385F-C22A-43E0-BF4C-06F5698FFBD9"},"Version":5,"Task":1,"Opcode":0,"TimeCreated_attributes":{"SystemTime":"2026-10-02T17:51:31.776058Z"},"Execution_attributes":{"ProcessID":3328,"ThreadID":4076},"Correlation":null,"Keywords":"0x8000000000000000","Security_attributes":{"UserID":"S-1-5-18"},"EventRecordID":49643,"Channel":"Microsoft-Windows-Sysmon/Operational","Computer":"DESKTOP-93TE1KB"}},"Event_attributes":{"xmlns":"http://schemas.microsoft.com/win/2004/08/events/event"}}},"name":"PowerShell lancé avec une commande encodée","timestamp":"2026-10-02T17:51:31.776058+00:00","authors":["Mamadou Lamine Thiore (Junior)"],"level":"medium","source":"sigma","status":"experimental","falsepositives":["Outils de déploiement et scripts d'administration qui encodent leurs commandes par commodité — identifier le processus parent pour les distinguer.","Certaines tâches planifiées éditeur utilisent ce paramètre légitimement."],"id":"eb680e02-f4d5-482e-bd22-a7bc7b8dbef3","logsource":{"category":"process_creation","product":"windows"},"references":["https://attack.mitre.org/techniques/T1059/001/"],"tags":["attack.execution","attack.t1059.001"]},{"group":"Sigma","kind":"individual","document":{"kind":"evtx","path":"C:\\Lab\\detection-lab\\02-boucle-de-preuve\\preuves\\2026-10-02_203132_02-powershell-enc-v2.evtx","data":{"Event":{"EventData":{"Image":"C:\\Windows\\System32\\WindowsPowerShell\\v1.0\\powershell.exe","RuleName":"-","Description":"Windows PowerShell","OriginalFileName":"PowerShell.EXE","TerminalSessionId":1,"ParentCommandLine":"C:\\WINDOWS\\System32\\WindowsPowerShell\\v1.0\\powershell.exe","Product":"Microsoft® Windows® Operating System","Company":"Microsoft Corporation","ParentProcessId":7324,"ParentUser":"DESKTOP-93TE1KB\\win11","LogonGuid":"C05AE55B-CC18-6ABE-831A-020000000000","Hashes":"SHA256=0FF6F2C94BC7E2833A5F7E16DE1622E5DBA70396F31C7D5F56381870317E8C46,IMPHASH=AFACF6DC9041114B198160AAB4D0AE77","ParentProcessGuid":"C05AE55B-CC8F-6ABE-B000-000000000F00","ProcessId":2876,"CurrentDirectory":"C:\\Users\\win11\\AppData\\Local\\Temp\\","ProcessGuid":"C05AE55B-F252-6ABF-B504-000000000F00","CommandLine":"\"powershell.exe\" & {Out-ATHPowerShellCommandLineParameter -CommandLineSwitchType Hyphen -EncodedCommandParamVariation E -Execute -ErrorAction Stop}","FileVersion":"10.0.26100.5074 (WinBuild.160101.0800)","User":"DESKTOP-93TE1KB\\win11","LogonId":"0x21a83","IntegrityLevel":"High","ParentImage":"C:\\Windows\\System32\\WindowsPowerShell\\v1.0\\powershell.exe","UtcTime":"2026-10-02 18:05:06.136"},"System":{"EventID":1,"Level":4,"Provider_attributes":{"Name":"Microsoft-Windows-Sysmon","Guid":"5770385F-C22A-43E0-BF4C-06F5698FFBD9"},"Version":5,"Task":1,"Opcode":0,"TimeCreated_attributes":{"SystemTime":"2026-10-02T18:05:06.150506Z"},"Execution_attributes":{"ProcessID":3328,"ThreadID":4076},"Correlation":null,"Keywords":"0x8000000000000000","Security_attributes":{"UserID":"S-1-5-18"},"EventRecordID":50484,"Channel":"Microsoft-Windows-Sysmon/Operational","Computer":"DESKTOP-93TE1KB"}},"Event_attributes":{"xmlns":"http://schemas.microsoft.com/win/2004/08/events/event"}}},"name":"PowerShell lancé avec une commande encodée","timestamp":"2026-10-02T18:05:06.150506+00:00","authors":["Mamadou Lamine Thiore (Junior)"],"level":"medium","source":"sigma","status":"experimental","falsepositives":["Outils de déploiement et scripts d'administration qui encodent leurs commandes par commodité — identifier le processus parent pour les distinguer.","Certaines tâches planifiées éditeur utilisent ce paramètre légitimement."],"id":"eb680e02-f4d5-482e-bd22-a7bc7b8dbef3","logsource":{"category":"process_creation","product":"windows"},"references":["https://attack.mitre.org/techniques/T1059/001/"],"tags":["attack.execution","attack.t1059.001"]},{"group":"Sigma","kind":"individual","document":{"kind":"evtx","path":"C:\\Lab\\detection-lab\\02-boucle-de-preuve\\preuves\\2026-10-02_203132_02-powershell-enc-v2.evtx","data":{"Event":{"EventData":{"Image":"C:\\Windows\\System32\\WindowsPowerShell\\v1.0\\powershell.exe","RuleName":"-","Description":"Windows PowerShell","OriginalFileName":"PowerShell.EXE","TerminalSessionId":1,"ParentCommandLine":"C:\\WINDOWS\\system32\\wbem\\wmiprvse.exe -secured -Embedding","Product":"Microsoft® Windows® Operating System","Company":"Microsoft Corporation","ParentProcessId":3540,"ParentUser":"AUTORITE NT\\SERVICE RÉSEAU","LogonGuid":"C05AE55B-CC18-6ABE-831A-020000000000","Hashes":"SHA256=0FF6F2C94BC7E2833A5F7E16DE1622E5DBA70396F31C7D5F56381870317E8C46,IMPHASH=AFACF6DC9041114B198160AAB4D0AE77","ParentProcessGuid":"C05AE55B-CC29-6ABE-5100-000000000F00","ProcessId":6372,"CurrentDirectory":"C:\\WINDOWS\\system32\\","ProcessGuid":"C05AE55B-F264-6ABF-C704-000000000F00","CommandLine":"powershell.exe -NoProfile -E VwByAGkAdABlAC0ASABvAHMAdAAgADUAYgA2AGQANQAwAGUANQAtADEAYgA4AGQALQA0ADAAOAA0AC0AYQA4ADcANgAtAGIAZQBiAGIAMAA2ADkANwA5AGEAZgBjAA==","FileVersion":"10.0.26100.5074 (WinBuild.160101.0800)","User":"DESKTOP-93TE1KB\\win11","LogonId":"0x21a83","IntegrityLevel":"High","ParentImage":"C:\\Windows\\System32\\wbem\\WmiPrvSE.exe","UtcTime":"2026-10-02 18:05:24.516"},"System":{"EventID":1,"Level":4,"Provider_attributes":{"Name":"Microsoft-Windows-Sysmon","Guid":"5770385F-C22A-43E0-BF4C-06F5698FFBD9"},"Version":5,"Task":1,"Opcode":0,"TimeCreated_attributes":{"SystemTime":"2026-10-02T18:05:24.561666Z"},"Execution_attributes":{"ProcessID":3328,"ThreadID":4076},"Correlation":null,"Keywords":"0x8000000000000000","Security_attributes":{"UserID":"S-1-5-18"},"EventRecordID":50544,"Channel":"Microsoft-Windows-Sysmon/Operational","Computer":"DESKTOP-93TE1KB"}},"Event_attributes":{"xmlns":"http://schemas.microsoft.com/win/2004/08/events/event"}}},"name":"Processus lancé par le fournisseur WMI","timestamp":"2026-10-02T18:05:24.561666+00:00","authors":["Mamadou Lamine Thiore (Junior)"],"level":"high","source":"sigma","status":"experimental","falsepositives":["Outils d'inventaire et de supervision interrogeant les postes par WMI et déclenchant des scripts — identifiez-les et filtrez par ligne de commande, jamais en désactivant la règle.","Solutions de télédistribution logicielle."],"id":"9f343480-4182-436b-b3f0-151fe44d97c3","logsource":{"category":"process_creation","product":"windows"},"references":["https://attack.mitre.org/techniques/T1047/"],"tags":["attack.execution","attack.lateral-movement","attack.t1047"]},{"group":"Sigma","kind":"individual","document":{"kind":"evtx","path":"C:\\Lab\\detection-lab\\02-boucle-de-preuve\\preuves\\2026-10-02_203132_02-powershell-enc-v2.evtx","data":{"Event":{"EventData":{"Image":"C:\\Windows\\System32\\WindowsPowerShell\\v1.0\\powershell.exe","RuleName":"-","Description":"Windows PowerShell","OriginalFileName":"PowerShell.EXE","TerminalSessionId":1,"ParentCommandLine":"C:\\WINDOWS\\System32\\WindowsPowerShell\\v1.0\\powershell.exe","Product":"Microsoft® Windows® Operating System","Company":"Microsoft Corporation","ParentProcessId":7324,"ParentUser":"DESKTOP-93TE1KB\\win11","LogonGuid":"C05AE55B-CC18-6ABE-831A-020000000000","Hashes":"SHA256=0FF6F2C94BC7E2833A5F7E16DE1622E5DBA70396F31C7D5F56381870317E8C46,IMPHASH=AFACF6DC9041114B198160AAB4D0AE77","ParentProcessGuid":"C05AE55B-CC8F-6ABE-B000-000000000F00","ProcessId":2772,"CurrentDirectory":"C:\\Users\\win11\\AppData\\Local\\Temp\\","ProcessGuid":"C05AE55B-F7CB-6ABF-2805-000000000F00","CommandLine":"\"powershell.exe\" & {Out-ATHPowerShellCommandLineParameter -CommandLineSwitchType Hyphen -EncodedCommandParamVariation E -Execute -ErrorAction Stop}","FileVersion":"10.0.26100.5074 (WinBuild.160101.0800)","User":"DESKTOP-93TE1KB\\win11","LogonId":"0x21a83","IntegrityLevel":"High","ParentImage":"C:\\Windows\\System32\\WindowsPowerShell\\v1.0\\powershell.exe","UtcTime":"2026-10-02 18:28:27.017"},"System":{"EventID":1,"Level":4,"Provider_attributes":{"Name":"Microsoft-Windows-Sysmon","Guid":"5770385F-C22A-43E0-BF4C-06F5698FFBD9"},"Version":5,"Task":1,"Opcode":0,"TimeCreated_attributes":{"SystemTime":"2026-10-02T18:28:27.037184Z"},"Execution_attributes":{"ProcessID":3328,"ThreadID":4076},"Correlation":null,"Keywords":"0x8000000000000000","Security_attributes":{"UserID":"S-1-5-18"},"EventRecordID":57036,"Channel":"Microsoft-Windows-Sysmon/Operational","Computer":"DESKTOP-93TE1KB"}},"Event_attributes":{"xmlns":"http://schemas.microsoft.com/win/2004/08/events/event"}}},"name":"PowerShell lancé avec une commande encodée","timestamp":"2026-10-02T18:28:27.037184+00:00","authors":["Mamadou Lamine Thiore (Junior)"],"level":"medium","source":"sigma","status":"experimental","falsepositives":["Outils de déploiement et scripts d'administration qui encodent leurs commandes par commodité — identifier le processus parent pour les distinguer.","Certaines tâches planifiées éditeur utilisent ce paramètre légitimement."],"id":"eb680e02-f4d5-482e-bd22-a7bc7b8dbef3","logsource":{"category":"process_creation","product":"windows"},"references":["https://attack.mitre.org/techniques/T1059/001/"],"tags":["attack.execution","attack.t1059.001"]},{"group":"Sigma","kind":"individual","document":{"kind":"evtx","path":"C:\\Lab\\detection-lab\\02-boucle-de-preuve\\preuves\\2026-10-02_203132_02-powershell-enc-v2.evtx","data":{"Event":{"EventData":{"Image":"C:\\Windows\\System32\\WindowsPowerShell\\v1.0\\powershell.exe","RuleName":"-","Description":"Windows PowerShell","OriginalFileName":"PowerShell.EXE","TerminalSessionId":1,"ParentCommandLine":"C:\\WINDOWS\\system32\\wbem\\wmiprvse.exe -secured -Embedding","Product":"Microsoft® Windows® Operating System","Company":"Microsoft Corporation","ParentProcessId":3540,"ParentUser":"AUTORITE NT\\SERVICE RÉSEAU","LogonGuid":"C05AE55B-CC18-6ABE-831A-020000000000","Hashes":"SHA256=0FF6F2C94BC7E2833A5F7E16DE1622E5DBA70396F31C7D5F56381870317E8C46,IMPHASH=AFACF6DC9041114B198160AAB4D0AE77","ParentProcessGuid":"C05AE55B-CC29-6ABE-5100-000000000F00","ProcessId":11248,"CurrentDirectory":"C:\\WINDOWS\\system32\\","ProcessGuid":"C05AE55B-F7D0-6ABF-3A05-000000000F00","CommandLine":"powershell.exe -NoProfile -E VwByAGkAdABlAC0ASABvAHMAdAAgAGEAMgAyADAAYQBkAGMANgAtAGMAMgBlADQALQA0ADcAMgBlAC0AOAA0ADMANwAtADEANgBhADIAOQBkAGYAYgA1ADYAZgBjAA==","FileVersion":"10.0.26100.5074 (WinBuild.160101.0800)","User":"DESKTOP-93TE1KB\\win11","LogonId":"0x21a83","IntegrityLevel":"High","ParentImage":"C:\\Windows\\System32\\wbem\\WmiPrvSE.exe","UtcTime":"2026-10-02 18:28:32.784"},"System":{"EventID":1,"Level":4,"Provider_attributes":{"Name":"Microsoft-Windows-Sysmon","Guid":"5770385F-C22A-43E0-BF4C-06F5698FFBD9"},"Version":5,"Task":1,"Opcode":0,"TimeCreated_attributes":{"SystemTime":"2026-10-02T18:28:32.817228Z"},"Execution_attributes":{"ProcessID":3328,"ThreadID":4076},"Correlation":null,"Keywords":"0x8000000000000000","Security_attributes":{"UserID":"S-1-5-18"},"EventRecordID":57095,"Channel":"Microsoft-Windows-Sysmon/Operational","Computer":"DESKTOP-93TE1KB"}},"Event_attributes":{"xmlns":"http://schemas.microsoft.com/win/2004/08/events/event"}}},"name":"Processus lancé par le fournisseur WMI","timestamp":"2026-10-02T18:28:32.817228+00:00","authors":["Mamadou Lamine Thiore (Junior)"],"level":"high","source":"sigma","status":"experimental","falsepositives":["Outils d'inventaire et de supervision interrogeant les postes par WMI et déclenchant des scripts — identifiez-les et filtrez par ligne de commande, jamais en désactivant la règle.","Solutions de télédistribution logicielle."],"id":"9f343480-4182-436b-b3f0-151fe44d97c3","logsource":{"category":"process_creation","product":"windows"},"references":["https://attack.mitre.org/techniques/T1047/"],"tags":["attack.execution","attack.lateral-movement","attack.t1047"]},{"group":"Sigma","kind":"individual","document":{"kind":"evtx","path":"C:\\Lab\\detection-lab\\02-boucle-de-preuve\\preuves\\2026-10-02_203132_02-powershell-enc-v2.evtx","data":{"Event":{"EventData":{"Image":"C:\\Windows\\System32\\WindowsPowerShell\\v1.0\\powershell.exe","RuleName":"-","Description":"Windows PowerShell","OriginalFileName":"PowerShell.EXE","TerminalSessionId":1,"ParentCommandLine":"C:\\WINDOWS\\System32\\WindowsPowerShell\\v1.0\\powershell.exe","Product":"Microsoft® Windows® Operating System","Company":"Microsoft Corporation","ParentProcessId":7324,"ParentUser":"DESKTOP-93TE1KB\\win11","LogonGuid":"C05AE55B-CC18-6ABE-831A-020000000000","Hashes":"SHA256=0FF6F2C94BC7E2833A5F7E16DE1622E5DBA70396F31C7D5F56381870317E8C46,IMPHASH=AFACF6DC9041114B198160AAB4D0AE77","ParentProcessGuid":"C05AE55B-CC8F-6ABE-B000-000000000F00","ProcessId":4072,"CurrentDirectory":"C:\\Users\\win11\\AppData\\Local\\Temp\\","ProcessGuid":"C05AE55B-F885-6ABF-4705-000000000F00","CommandLine":"\"powershell.exe\" & {Out-ATHPowerShellCommandLineParameter -CommandLineSwitchType Hyphen -EncodedCommandParamVariation E -Execute -ErrorAction Stop}","FileVersion":"10.0.26100.5074 (WinBuild.160101.0800)","User":"DESKTOP-93TE1KB\\win11","LogonId":"0x21a83","IntegrityLevel":"High","ParentImage":"C:\\Windows\\System32\\WindowsPowerShell\\v1.0\\powershell.exe","UtcTime":"2026-10-02 18:31:33.550"},"System":{"EventID":1,"Level":4,"Provider_attributes":{"Name":"Microsoft-Windows-Sysmon","Guid":"5770385F-C22A-43E0-BF4C-06F5698FFBD9"},"Version":5,"Task":1,"Opcode":0,"TimeCreated_attributes":{"SystemTime":"2026-10-02T18:31:33.560638Z"},"Execution_attributes":{"ProcessID":3328,"ThreadID":4076},"Correlation":null,"Keywords":"0x8000000000000000","Security_attributes":{"UserID":"S-1-5-18"},"EventRecordID":57189,"Channel":"Microsoft-Windows-Sysmon/Operational","Computer":"DESKTOP-93TE1KB"}},"Event_attributes":{"xmlns":"http://schemas.microsoft.com/win/2004/08/events/event"}}},"name":"PowerShell lancé avec une commande encodée","timestamp":"2026-10-02T18:31:33.560638+00:00","authors":["Mamadou Lamine Thiore (Junior)"],"level":"medium","source":"sigma","status":"experimental","falsepositives":["Outils de déploiement et scripts d'administration qui encodent leurs commandes par commodité — identifier le processus parent pour les distinguer.","Certaines tâches planifiées éditeur utilisent ce paramètre légitimement."],"id":"eb680e02-f4d5-482e-bd22-a7bc7b8dbef3","logsource":{"category":"process_creation","product":"windows"},"references":["https://attack.mitre.org/techniques/T1059/001/"],"tags":["attack.execution","attack.t1059.001"]},{"group":"Sigma","kind":"individual","document":{"kind":"evtx","path":"C:\\Lab\\detection-lab\\02-boucle-de-preuve\\preuves\\2026-10-02_203132_02-powershell-enc-v2.evtx","data":{"Event":{"EventData":{"Image":"C:\\Windows\\System32\\WindowsPowerShell\\v1.0\\powershell.exe","RuleName":"-","Description":"Windows PowerShell","OriginalFileName":"PowerShell.EXE","TerminalSessionId":1,"ParentCommandLine":"C:\\WINDOWS\\system32\\wbem\\wmiprvse.exe -secured -Embedding","Product":"Microsoft® Windows® Operating System","Company":"Microsoft Corporation","ParentProcessId":3540,"ParentUser":"AUTORITE NT\\SERVICE RÉSEAU","LogonGuid":"C05AE55B-CC18-6ABE-831A-020000000000","Hashes":"SHA256=0FF6F2C94BC7E2833A5F7E16DE1622E5DBA70396F31C7D5F56381870317E8C46,IMPHASH=AFACF6DC9041114B198160AAB4D0AE77","ParentProcessGuid":"C05AE55B-CC29-6ABE-5100-000000000F00","ProcessId":10724,"CurrentDirectory":"C:\\WINDOWS\\system32\\","ProcessGuid":"C05AE55B-F88B-6ABF-5905-000000000F00","CommandLine":"powershell.exe -NoProfile -E VwByAGkAdABlAC0ASABvAHMAdAAgADEAOABiAGQAZQA0ADAAYwAtADMAYwA2ADIALQA0AGIAOQAwAC0AYgA2ADUANAAtADcAYwAwAGUANgA1ADAAOABlAGIAMAA5AA==","FileVersion":"10.0.26100.5074 (WinBuild.160101.0800)","User":"DESKTOP-93TE1KB\\win11","LogonId":"0x21a83","IntegrityLevel":"High","ParentImage":"C:\\Windows\\System32\\wbem\\WmiPrvSE.exe","UtcTime":"2026-10-02 18:31:39.744"},"System":{"EventID":1,"Level":4,"Provider_attributes":{"Name":"Microsoft-Windows-Sysmon","Guid":"5770385F-C22A-43E0-BF4C-06F5698FFBD9"},"Version":5,"Task":1,"Opcode":0,"TimeCreated_attributes":{"SystemTime":"2026-10-02T18:31:39.785939Z"},"Execution_attributes":{"ProcessID":3328,"ThreadID":4076},"Correlation":null,"Keywords":"0x8000000000000000","Security_attributes":{"UserID":"S-1-5-18"},"EventRecordID":57249,"Channel":"Microsoft-Windows-Sysmon/Operational","Computer":"DESKTOP-93TE1KB"}},"Event_attributes":{"xmlns":"http://schemas.microsoft.com/win/2004/08/events/event"}}},"name":"Processus lancé par le fournisseur WMI","timestamp":"2026-10-02T18:31:39.785939+00:00","authors":["Mamadou Lamine Thiore (Junior)"],"level":"high","source":"sigma","status":"experimental","falsepositives":["Outils d'inventaire et de supervision interrogeant les postes par WMI et déclenchant des scripts — identifiez-les et filtrez par ligne de commande, jamais en désactivant la règle.","Solutions de télédistribution logicielle."],"id":"9f343480-4182-436b-b3f0-151fe44d97c3","logsource":{"category":"process_creation","product":"windows"},"references":["https://attack.mitre.org/techniques/T1047/"],"tags":["attack.execution","attack.lateral-movement","attack.t1047"]}]